生成启动时间为 2014/2/21 19:33:27。
     1>项目“E:\git\Presentor\Presentor\Presentor.vcxproj”在节点 2 上(build 个目标)。
     1>InitializeBuildStatus:
         正在创建“Debug\Presentor.unsuccessfulbuild”，因为已指定“AlwaysCreate”。
       ClCompile:
         C:\Program Files\Microsoft Visual Studio 10.0\VC\bin\CL.exe /c /ZI /nologo /W3 /WX- /Od /Oy- /D WIN32 /D _DEBUG /D _WINDOWS /D _UNICODE /D UNICODE /Gm /EHsc /RTC1 /MDd /GS /fp:precise /Zc:wchar_t /Zc:forScope /Fo"Debug\\" /Fd"Debug\vc100.pdb" /Gd /TP /analyze- /errorReport:prompt OgreInit.cpp main.cpp
         main.cpp
     1>e:\git\presentor\presentor\main.cpp(54): warning C4101: “e”: 未引用的局部变量
     1>e:\git\presentor\presentor\main.cpp(56): warning C4101: “e”: 未引用的局部变量
         正在生成代码...
         正在跳过...(未检测到相关更改)
         OgreInit.cpp
       ManifestResourceCompile:
         所有输出均为最新。
       Link:
         C:\Program Files\Microsoft Visual Studio 10.0\VC\bin\link.exe /ERRORREPORT:PROMPT /OUT:"E:\git\Presentor\Debug\Presentor.exe" /INCREMENTAL /NOLOGO OgreMain_d.lib kernel32.lib user32.lib gdi32.lib winspool.lib comdlg32.lib advapi32.lib shell32.lib ole32.lib oleaut32.lib uuid.lib odbc32.lib odbccp32.lib /MANIFEST /ManifestFile:"Debug\Presentor.exe.intermediate.manifest" /MANIFESTUAC:"level='asInvoker' uiAccess='false'" /DEBUG /PDB:"E:\git\Presentor\Debug\Presentor.pdb" /SUBSYSTEM:WINDOWS /TLBID:1 /DYNAMICBASE /NXCOMPAT /IMPLIB:"E:\git\Presentor\Debug\Presentor.lib" /MACHINE:X86 Debug\Presentor.exe.embed.manifest.res
         Debug\main.obj
         Debug\OgreInit.obj
       Manifest:
         C:\Program Files\Microsoft SDKs\Windows\v7.0A\bin\mt.exe /nologo /verbose /out:"Debug\Presentor.exe.embed.manifest" /manifest Debug\Presentor.exe.intermediate.manifest
         所有输出均为最新。
       LinkEmbedManifest:
         所有输出均为最新。
         Presentor.vcxproj -> E:\git\Presentor\Debug\Presentor.exe
       FinalizeBuildStatus:
         正在删除文件“Debug\Presentor.unsuccessfulbuild”。
         正在对“Debug\Presentor.lastbuildstate”执行 Touch 任务。
     1>已完成生成项目“E:\git\Presentor\Presentor\Presentor.vcxproj”(build 个目标)的操作。

生成成功。

已用时间 00:00:05.66
